-- Install configuration: ""
-- Up-to-date: /home/main/rokisim_ws/install/rokisim_gazebo/share/rokisim_gazebo//launch
-- Up-to-date: /home/main/rokisim_ws/install/rokisim_gazebo/share/rokisim_gazebo//launch/display.launch.py
-- Up-to-date: /home/main/rokisim_ws/install/rokisim_gazebo/share/rokisim_gazebo//launch/gazebo.launch.py
-- Up-to-date: /home/main/rokisim_ws/install/rokisim_gazebo/share/rokisim_gazebo//urdf
-- Installing: /home/main/rokisim_ws/install/rokisim_gazebo/share/rokisim_gazebo//urdf/simple_arm.urdf
-- Up-to-date: /home/main/rokisim_ws/install/rokisim_gazebo/share/rokisim_gazebo//rviz
-- Up-to-date: /home/main/rokisim_ws/install/rokisim_gazebo/share/rokisim_gazebo//worlds
-- Up-to-date: /home/main/rokisim_ws/install/rokisim_gazebo/share/rokisim_gazebo//worlds/laboratuvar.world
-- Up-to-date: /home/main/rokisim_ws/install/rokisim_gazebo/share/rokisim_gazebo//config
-- Installing: /home/main/rokisim_ws/install/rokisim_gazebo/share/rokisim_gazebo//config/controllers.yaml
-- Up-to-date: /home/main/rokisim_ws/install/rokisim_gazebo/share/ament_index/resource_index/package_run_dependencies/rokisim_gazebo
-- Up-to-date: /home/main/rokisim_ws/install/rokisim_gazebo/share/ament_index/resource_index/parent_prefix_path/rokisim_gazebo
-- Up-to-date: /home/main/rokisim_ws/install/rokisim_gazebo/share/rokisim_gazebo/environment/ament_prefix_path.sh
-- Up-to-date: /home/main/rokisim_ws/install/rokisim_gazebo/share/rokisim_gazebo/environment/ament_prefix_path.dsv
-- Up-to-date: /home/main/rokisim_ws/install/rokisim_gazebo/share/rokisim_gazebo/environment/path.sh
-- Up-to-date: /home/main/rokisim_ws/install/rokisim_gazebo/share/rokisim_gazebo/environment/path.dsv
-- Up-to-date: /home/main/rokisim_ws/install/rokisim_gazebo/share/rokisim_gazebo/local_setup.bash
-- Up-to-date: /home/main/rokisim_ws/install/rokisim_gazebo/share/rokisim_gazebo/local_setup.sh
-- Up-to-date: /home/main/rokisim_ws/install/rokisim_gazebo/share/rokisim_gazebo/local_setup.zsh
-- Up-to-date: /home/main/rokisim_ws/install/rokisim_gazebo/share/rokisim_gazebo/local_setup.dsv
-- Installing: /home/main/rokisim_ws/install/rokisim_gazebo/share/rokisim_gazebo/package.dsv
-- Up-to-date: /home/main/rokisim_ws/install/rokisim_gazebo/share/ament_index/resource_index/packages/rokisim_gazebo
-- Up-to-date: /home/main/rokisim_ws/install/rokisim_gazebo/share/rokisim_gazebo/cmake/rokisim_gazeboConfig.cmake
-- Up-to-date: /home/main/rokisim_ws/install/rokisim_gazebo/share/rokisim_gazebo/cmake/rokisim_gazeboConfig-version.cmake
-- Up-to-date: /home/main/rokisim_ws/install/rokisim_gazebo/share/rokisim_gazebo/package.xml
