[0.143s] DEBUG:colcon:Command line arguments: ['/usr/bin/colcon', 'build']
[0.143s] DEBUG:colcon:Parsed command line arguments: Namespace(log_base=None, log_level=None, verb_name='build', build_base='build', install_base='install', merge_install=False, symlink_install=False, test_result_base=None, continue_on_error=False, executor='parallel', parallel_workers=12, event_handlers=None, ignore_user_meta=False, metas=['./colcon.meta'], base_paths=['.'], packages_ignore=None, packages_ignore_regex=None, paths=None, packages_up_to=None, packages_up_to_regex=None, packages_above=None, packages_above_and_dependencies=None, packages_above_depth=None, packages_select_by_dep=None, packages_skip_by_dep=None, packages_skip_up_to=None, packages_select_build_failed=False, packages_skip_build_finished=False, packages_select_test_failures=False, packages_skip_test_passed=False, packages_select=None, packages_skip=None, packages_select_regex=None, packages_skip_regex=None, packages_start=None, packages_end=None, allow_overriding=[], cmake_args=None, cmake_target=None, cmake_target_skip_unavailable=False, cmake_clean_cache=False, cmake_clean_first=False, cmake_force_configure=False, ament_cmake_args=None, catkin_cmake_args=None, catkin_skip_building_tests=False, verb_parser=<colcon_defaults.argument_parser.defaults.DefaultArgumentsDecorator object at 0x7ddcc36a1b10>, verb_extension=<colcon_core.verb.build.BuildVerb object at 0x7ddcc36a15d0>, main=<bound method BuildVerb.main of <colcon_core.verb.build.BuildVerb object at 0x7ddcc36a15d0>>)
[0.358s] Level 1:colcon.colcon_core.package_discovery:discover_packages(colcon_meta) check parameters
[0.358s] Level 1:colcon.colcon_core.package_discovery:discover_packages(recursive) check parameters
[0.358s] Level 1:colcon.colcon_core.package_discovery:discover_packages(ignore) check parameters
[0.358s] Level 1:colcon.colcon_core.package_discovery:discover_packages(path) check parameters
[0.358s] Level 1:colcon.colcon_core.package_discovery:discover_packages(colcon_meta) discover
[0.358s] Level 1:colcon.colcon_core.package_discovery:discover_packages(recursive) discover
[0.358s] INFO:colcon.colcon_core.package_discovery:Crawling recursively for packages in '/home/main/rokisim_ws'
[0.358s] Level 1:colcon.colcon_core.package_identification:_identify(.) by extensions ['ignore', 'ignore_ament_install']
[0.358s] Level 1:colcon.colcon_core.package_identification:_identify(.) by extension 'ignore'
[0.359s] Level 1:colcon.colcon_core.package_identification:_identify(.) by extension 'ignore_ament_install'
[0.359s] Level 1:colcon.colcon_core.package_identification:_identify(.) by extensions ['colcon_pkg']
[0.359s] Level 1:colcon.colcon_core.package_identification:_identify(.) by extension 'colcon_pkg'
[0.359s] Level 1:colcon.colcon_core.package_identification:_identify(.) by extensions ['colcon_meta']
[0.359s] Level 1:colcon.colcon_core.package_identification:_identify(.) by extension 'colcon_meta'
[0.359s] Level 1:colcon.colcon_core.package_identification:_identify(.) by extensions ['ros']
[0.359s] Level 1:colcon.colcon_core.package_identification:_identify(.) by extension 'ros'
[0.366s] Level 1:colcon.colcon_core.package_identification:_identify(.) by extensions ['cmake', 'python']
[0.366s] Level 1:colcon.colcon_core.package_identification:_identify(.) by extension 'cmake'
[0.366s] Level 1:colcon.colcon_core.package_identification:_identify(.) by extension 'python'
[0.366s] Level 1:colcon.colcon_core.package_identification:_identify(.) by extensions ['python_setup_py']
[0.366s] Level 1:colcon.colcon_core.package_identification:_identify(.) by extension 'python_setup_py'
[0.366s] Level 1:colcon.colcon_core.package_identification:_identify(build) by extensions ['ignore', 'ignore_ament_install']
[0.366s] Level 1:colcon.colcon_core.package_identification:_identify(build) by extension 'ignore'
[0.366s] Level 1:colcon.colcon_core.package_identification:_identify(build) ignored
[0.366s] Level 1:colcon.colcon_core.package_identification:_identify(install) by extensions ['ignore', 'ignore_ament_install']
[0.366s] Level 1:colcon.colcon_core.package_identification:_identify(install) by extension 'ignore'
[0.366s] Level 1:colcon.colcon_core.package_identification:_identify(install) ignored
[0.366s] Level 1:colcon.colcon_core.package_identification:_identify(log) by extensions ['ignore', 'ignore_ament_install']
[0.366s] Level 1:colcon.colcon_core.package_identification:_identify(log) by extension 'ignore'
[0.366s] Level 1:colcon.colcon_core.package_identification:_identify(log) ignored
[0.366s] Level 1:colcon.colcon_core.package_identification:_identify(src) by extensions ['ignore', 'ignore_ament_install']
[0.366s] Level 1:colcon.colcon_core.package_identification:_identify(src) by extension 'ignore'
[0.366s] Level 1:colcon.colcon_core.package_identification:_identify(src) by extension 'ignore_ament_install'
[0.366s] Level 1:colcon.colcon_core.package_identification:_identify(src) by extensions ['colcon_pkg']
[0.366s] Level 1:colcon.colcon_core.package_identification:_identify(src) by extension 'colcon_pkg'
[0.366s] Level 1:colcon.colcon_core.package_identification:_identify(src) by extensions ['colcon_meta']
[0.367s] Level 1:colcon.colcon_core.package_identification:_identify(src) by extension 'colcon_meta'
[0.367s] Level 1:colcon.colcon_core.package_identification:_identify(src) by extensions ['ros']
[0.367s] Level 1:colcon.colcon_core.package_identification:_identify(src) by extension 'ros'
[0.367s] Level 1:colcon.colcon_core.package_identification:_identify(src) by extensions ['cmake', 'python']
[0.367s] Level 1:colcon.colcon_core.package_identification:_identify(src) by extension 'cmake'
[0.367s] Level 1:colcon.colcon_core.package_identification:_identify(src) by extension 'python'
[0.367s] Level 1:colcon.colcon_core.package_identification:_identify(src) by extensions ['python_setup_py']
[0.367s] Level 1:colcon.colcon_core.package_identification:_identify(src) by extension 'python_setup_py'
[0.367s] Level 1:colcon.colcon_core.package_identification:_identify(src/rokisim_core) by extensions ['ignore', 'ignore_ament_install']
[0.367s] Level 1:colcon.colcon_core.package_identification:_identify(src/rokisim_core) by extension 'ignore'
[0.367s] Level 1:colcon.colcon_core.package_identification:_identify(src/rokisim_core) by extension 'ignore_ament_install'
[0.367s] Level 1:colcon.colcon_core.package_identification:_identify(src/rokisim_core) by extensions ['colcon_pkg']
[0.367s] Level 1:colcon.colcon_core.package_identification:_identify(src/rokisim_core) by extension 'colcon_pkg'
[0.367s] Level 1:colcon.colcon_core.package_identification:_identify(src/rokisim_core) by extensions ['colcon_meta']
[0.367s] Level 1:colcon.colcon_core.package_identification:_identify(src/rokisim_core) by extension 'colcon_meta'
[0.367s] Level 1:colcon.colcon_core.package_identification:_identify(src/rokisim_core) by extensions ['ros']
[0.367s] Level 1:colcon.colcon_core.package_identification:_identify(src/rokisim_core) by extension 'ros'
[0.370s] DEBUG:colcon.colcon_core.package_identification:Package 'src/rokisim_core' with type 'ros.ament_cmake' and name 'rokisim_core'
[0.370s] Level 1:colcon.colcon_core.package_identification:_identify(src/rokisim_gazebo) by extensions ['ignore', 'ignore_ament_install']
[0.370s] Level 1:colcon.colcon_core.package_identification:_identify(src/rokisim_gazebo) by extension 'ignore'
[0.370s] Level 1:colcon.colcon_core.package_identification:_identify(src/rokisim_gazebo) by extension 'ignore_ament_install'
[0.370s] Level 1:colcon.colcon_core.package_identification:_identify(src/rokisim_gazebo) by extensions ['colcon_pkg']
[0.370s] Level 1:colcon.colcon_core.package_identification:_identify(src/rokisim_gazebo) by extension 'colcon_pkg'
[0.370s] Level 1:colcon.colcon_core.package_identification:_identify(src/rokisim_gazebo) by extensions ['colcon_meta']
[0.370s] Level 1:colcon.colcon_core.package_identification:_identify(src/rokisim_gazebo) by extension 'colcon_meta'
[0.370s] Level 1:colcon.colcon_core.package_identification:_identify(src/rokisim_gazebo) by extensions ['ros']
[0.370s] Level 1:colcon.colcon_core.package_identification:_identify(src/rokisim_gazebo) by extension 'ros'
[0.371s] DEBUG:colcon.colcon_core.package_identification:Package 'src/rokisim_gazebo' with type 'ros.ament_cmake' and name 'rokisim_gazebo'
[0.371s] Level 1:colcon.colcon_core.package_discovery:discover_packages(recursive) using defaults
[0.371s] Level 1:colcon.colcon_core.package_discovery:discover_packages(ignore) discover
[0.371s] Level 1:colcon.colcon_core.package_discovery:discover_packages(ignore) using defaults
[0.371s] Level 1:colcon.colcon_core.package_discovery:discover_packages(path) discover
[0.371s] Level 1:colcon.colcon_core.package_discovery:discover_packages(path) using defaults
[0.387s] Level 1:colcon.colcon_core.package_discovery:discover_packages(prefix_path) check parameters
[0.387s] Level 1:colcon.colcon_core.package_discovery:discover_packages(prefix_path) discover
[0.393s] DEBUG:colcon.colcon_installed_package_information.package_discovery:Found 2 installed packages in /home/main/rokisim_ws/install
[0.393s] DEBUG:colcon.colcon_installed_package_information.package_discovery:Found 1 installed packages in /home/main/ros2_cpp_ws/install
[0.395s] DEBUG:colcon.colcon_installed_package_information.package_discovery:Found 4 installed packages in /home/main/circ_ws/install
[0.396s] DEBUG:colcon.colcon_installed_package_information.package_discovery:Found 1 installed packages in /home/main/ros2_sablon_ws/install
[0.396s] DEBUG:colcon.colcon_installed_package_information.package_discovery:Found 2 installed packages in /home/main/real_rover_ws_gi/install
[0.396s] DEBUG:colcon.colcon_installed_package_information.package_discovery:Found 0 installed packages in /home/main/ros2_ws/install
[0.397s] DEBUG:colcon.colcon_installed_package_information.package_discovery:Found 1 installed packages in /home/main/ros2_ws_5/install
[0.397s] DEBUG:colcon.colcon_installed_package_information.package_discovery:Found 1 installed packages in /home/main/ros2_ws_first/install
[0.397s] DEBUG:colcon.colcon_installed_package_information.package_discovery:Found 1 installed packages in /home/main/ros2_ws_4/install
[0.397s] DEBUG:colcon.colcon_installed_package_information.package_discovery:Found 1 installed packages in /home/main/turtlesim_ws3/install
[0.397s] DEBUG:colcon.colcon_installed_package_information.package_discovery:Found 3 installed packages in /home/main/ros2_ws3/install
[0.398s] DEBUG:colcon.colcon_installed_package_information.package_discovery:Found 4 installed packages in /home/main/turtlebot3_ws_1/install
[0.398s] DEBUG:colcon.colcon_installed_package_information.package_discovery:Found 4 installed packages in /home/main/ros2_ws_1/install
[0.398s] DEBUG:colcon.colcon_installed_package_information.package_discovery:Found 1 installed packages in /home/main/ros2_ws_p/install
[0.398s] DEBUG:colcon.colcon_installed_package_information.package_discovery:Found 2 installed packages in /home/main/real_rover_ws/install
[0.398s] DEBUG:colcon.colcon_installed_package_information.package_discovery:Found 1 installed packages in /home/main/minato_ws/install
[0.399s] DEBUG:colcon.colcon_installed_package_information.package_discovery:Found 1 installed packages in /home/main/rover_ws/install
[0.399s] DEBUG:colcon.colcon_installed_package_information.package_discovery:Found 1 installed packages in /home/main/ros2_ws_tank/install
[0.399s] DEBUG:colcon.colcon_installed_package_information.package_discovery:Found 1 installed packages in /home/main/ika_ws/install
[0.400s] DEBUG:colcon.colcon_installed_package_information.package_discovery:Found 516 installed packages in /opt/ros/humble
[0.402s] Level 1:colcon.colcon_core.package_discovery:discover_packages(prefix_path) using defaults
[0.463s] Level 5:colcon.colcon_core.verb:set package 'rokisim_core' build argument 'cmake_args' from command line to 'None'
[0.463s] Level 5:colcon.colcon_core.verb:set package 'rokisim_core' build argument 'cmake_target' from command line to 'None'
[0.463s] Level 5:colcon.colcon_core.verb:set package 'rokisim_core' build argument 'cmake_target_skip_unavailable' from command line to 'False'
[0.463s] Level 5:colcon.colcon_core.verb:set package 'rokisim_core' build argument 'cmake_clean_cache' from command line to 'False'
[0.463s] Level 5:colcon.colcon_core.verb:set package 'rokisim_core' build argument 'cmake_clean_first' from command line to 'False'
[0.463s] Level 5:colcon.colcon_core.verb:set package 'rokisim_core' build argument 'cmake_force_configure' from command line to 'False'
[0.463s] Level 5:colcon.colcon_core.verb:set package 'rokisim_core' build argument 'ament_cmake_args' from command line to 'None'
[0.463s] Level 5:colcon.colcon_core.verb:set package 'rokisim_core' build argument 'catkin_cmake_args' from command line to 'None'
[0.463s] Level 5:colcon.colcon_core.verb:set package 'rokisim_core' build argument 'catkin_skip_building_tests' from command line to 'False'
[0.463s] DEBUG:colcon.colcon_core.verb:Building package 'rokisim_core' with the following arguments: {'ament_cmake_args': None, 'build_base': '/home/main/rokisim_ws/build/rokisim_core', 'catkin_cmake_args': None, 'catkin_skip_building_tests': False, 'cmake_args': None, 'cmake_clean_cache': False, 'cmake_clean_first': False, 'cmake_force_configure': False, 'cmake_target': None, 'cmake_target_skip_unavailable': False, 'install_base': '/home/main/rokisim_ws/install/rokisim_core', 'merge_install': False, 'path': '/home/main/rokisim_ws/src/rokisim_core', 'symlink_install': False, 'test_result_base': None}
[0.463s] Level 5:colcon.colcon_core.verb:set package 'rokisim_gazebo' build argument 'cmake_args' from command line to 'None'
[0.463s] Level 5:colcon.colcon_core.verb:set package 'rokisim_gazebo' build argument 'cmake_target' from command line to 'None'
[0.463s] Level 5:colcon.colcon_core.verb:set package 'rokisim_gazebo' build argument 'cmake_target_skip_unavailable' from command line to 'False'
[0.463s] Level 5:colcon.colcon_core.verb:set package 'rokisim_gazebo' build argument 'cmake_clean_cache' from command line to 'False'
[0.463s] Level 5:colcon.colcon_core.verb:set package 'rokisim_gazebo' build argument 'cmake_clean_first' from command line to 'False'
[0.463s] Level 5:colcon.colcon_core.verb:set package 'rokisim_gazebo' build argument 'cmake_force_configure' from command line to 'False'
[0.463s] Level 5:colcon.colcon_core.verb:set package 'rokisim_gazebo' build argument 'ament_cmake_args' from command line to 'None'
[0.463s] Level 5:colcon.colcon_core.verb:set package 'rokisim_gazebo' build argument 'catkin_cmake_args' from command line to 'None'
[0.463s] Level 5:colcon.colcon_core.verb:set package 'rokisim_gazebo' build argument 'catkin_skip_building_tests' from command line to 'False'
[0.463s] DEBUG:colcon.colcon_core.verb:Building package 'rokisim_gazebo' with the following arguments: {'ament_cmake_args': None, 'build_base': '/home/main/rokisim_ws/build/rokisim_gazebo', 'catkin_cmake_args': None, 'catkin_skip_building_tests': False, 'cmake_args': None, 'cmake_clean_cache': False, 'cmake_clean_first': False, 'cmake_force_configure': False, 'cmake_target': None, 'cmake_target_skip_unavailable': False, 'install_base': '/home/main/rokisim_ws/install/rokisim_gazebo', 'merge_install': False, 'path': '/home/main/rokisim_ws/src/rokisim_gazebo', 'symlink_install': False, 'test_result_base': None}
[0.463s] INFO:colcon.colcon_core.executor:Executing jobs using 'parallel' executor
[0.464s] DEBUG:colcon.colcon_parallel_executor.executor.parallel:run_until_complete
[0.464s] INFO:colcon.colcon_ros.task.ament_cmake.build:Building ROS package in '/home/main/rokisim_ws/src/rokisim_core' with build type 'ament_cmake'
[0.464s] INFO:colcon.colcon_cmake.task.cmake.build:Building CMake package in '/home/main/rokisim_ws/src/rokisim_core'
[0.468s] INFO:colcon.colcon_core.plugin_system:Skipping extension 'colcon_core.shell.bat': Not used on non-Windows systems
[0.468s] INFO:colcon.colcon_core.shell:Skip shell extension 'powershell' for command environment: Not usable outside of PowerShell
[0.468s] DEBUG:colcon.colcon_core.shell:Skip shell extension 'dsv' for command environment
[0.474s] INFO:colcon.colcon_ros.task.ament_cmake.build:Building ROS package in '/home/main/rokisim_ws/src/rokisim_gazebo' with build type 'ament_cmake'
[0.475s] INFO:colcon.colcon_cmake.task.cmake.build:Building CMake package in '/home/main/rokisim_ws/src/rokisim_gazebo'
[0.475s] INFO:colcon.colcon_core.shell:Skip shell extension 'powershell' for command environment: Not usable outside of PowerShell
[0.475s] DEBUG:colcon.colcon_core.shell:Skip shell extension 'dsv' for command environment
[0.485s] DEBUG:colcon.colcon_core.event_handler.log_command:Invoking command in '/home/main/rokisim_ws/build/rokisim_core': CMAKE_PREFIX_PATH=${CMAKE_PREFIX_PATH}:/home/main/circ_ws/install/circ_autonomy:/home/main/ros2_sablon_ws/install/temel_paket:/home/main/real_rover_ws/install/rover_description:/home/main/real_rover_ws/install/rover_bringup:/home/main/real_rover_ws_gi/install/rover_kamera:/home/main/real_rover_ws_gi/install/gesture_control:/home/main/ros2_ws_tank/install/tank_bot_sim:/home/main/ros2_ws_5/install/vision_pkg:/home/main/ros2_ws_4/install/benim_ilk_paketim:/home/main/ros2_ws_1/install/lidar_py_pkg:/home/main/ros2_ws3/install/simple_py_pkg:/home/main/turtlesim_ws3/install/turtlesim_py_pkg:/opt/ros/humble /usr/bin/cmake --build /home/main/rokisim_ws/build/rokisim_core -- -j12 -l12
[0.488s] DEBUG:colcon.colcon_core.event_handler.log_command:Invoking command in '/home/main/rokisim_ws/build/rokisim_gazebo': CMAKE_PREFIX_PATH=${CMAKE_PREFIX_PATH}:/home/main/circ_ws/install/circ_autonomy:/home/main/ros2_sablon_ws/install/temel_paket:/home/main/real_rover_ws/install/rover_description:/home/main/real_rover_ws/install/rover_bringup:/home/main/real_rover_ws_gi/install/rover_kamera:/home/main/real_rover_ws_gi/install/gesture_control:/home/main/ros2_ws_tank/install/tank_bot_sim:/home/main/ros2_ws_5/install/vision_pkg:/home/main/ros2_ws_4/install/benim_ilk_paketim:/home/main/ros2_ws_1/install/lidar_py_pkg:/home/main/ros2_ws3/install/simple_py_pkg:/home/main/turtlesim_ws3/install/turtlesim_py_pkg:/opt/ros/humble /usr/bin/cmake --build /home/main/rokisim_ws/build/rokisim_gazebo -- -j12 -l12
[0.540s] DEBUG:colcon.colcon_core.event_handler.log_command:Invoked command in '/home/main/rokisim_ws/build/rokisim_gazebo' returned '0': CMAKE_PREFIX_PATH=${CMAKE_PREFIX_PATH}:/home/main/circ_ws/install/circ_autonomy:/home/main/ros2_sablon_ws/install/temel_paket:/home/main/real_rover_ws/install/rover_description:/home/main/real_rover_ws/install/rover_bringup:/home/main/real_rover_ws_gi/install/rover_kamera:/home/main/real_rover_ws_gi/install/gesture_control:/home/main/ros2_ws_tank/install/tank_bot_sim:/home/main/ros2_ws_5/install/vision_pkg:/home/main/ros2_ws_4/install/benim_ilk_paketim:/home/main/ros2_ws_1/install/lidar_py_pkg:/home/main/ros2_ws3/install/simple_py_pkg:/home/main/turtlesim_ws3/install/turtlesim_py_pkg:/opt/ros/humble /usr/bin/cmake --build /home/main/rokisim_ws/build/rokisim_gazebo -- -j12 -l12
[0.551s] DEBUG:colcon.colcon_core.event_handler.log_command:Invoking command in '/home/main/rokisim_ws/build/rokisim_gazebo': CMAKE_PREFIX_PATH=${CMAKE_PREFIX_PATH}:/home/main/circ_ws/install/circ_autonomy:/home/main/ros2_sablon_ws/install/temel_paket:/home/main/real_rover_ws/install/rover_description:/home/main/real_rover_ws/install/rover_bringup:/home/main/real_rover_ws_gi/install/rover_kamera:/home/main/real_rover_ws_gi/install/gesture_control:/home/main/ros2_ws_tank/install/tank_bot_sim:/home/main/ros2_ws_5/install/vision_pkg:/home/main/ros2_ws_4/install/benim_ilk_paketim:/home/main/ros2_ws_1/install/lidar_py_pkg:/home/main/ros2_ws3/install/simple_py_pkg:/home/main/turtlesim_ws3/install/turtlesim_py_pkg:/opt/ros/humble /usr/bin/cmake --install /home/main/rokisim_ws/build/rokisim_gazebo
[0.552s] DEBUG:colcon.colcon_core.event_handler.log_command:Invoked command in '/home/main/rokisim_ws/build/rokisim_core' returned '0': CMAKE_PREFIX_PATH=${CMAKE_PREFIX_PATH}:/home/main/circ_ws/install/circ_autonomy:/home/main/ros2_sablon_ws/install/temel_paket:/home/main/real_rover_ws/install/rover_description:/home/main/real_rover_ws/install/rover_bringup:/home/main/real_rover_ws_gi/install/rover_kamera:/home/main/real_rover_ws_gi/install/gesture_control:/home/main/ros2_ws_tank/install/tank_bot_sim:/home/main/ros2_ws_5/install/vision_pkg:/home/main/ros2_ws_4/install/benim_ilk_paketim:/home/main/ros2_ws_1/install/lidar_py_pkg:/home/main/ros2_ws3/install/simple_py_pkg:/home/main/turtlesim_ws3/install/turtlesim_py_pkg:/opt/ros/humble /usr/bin/cmake --build /home/main/rokisim_ws/build/rokisim_core -- -j12 -l12
[0.554s] DEBUG:colcon.colcon_core.event_handler.log_command:Invoking command in '/home/main/rokisim_ws/build/rokisim_core': CMAKE_PREFIX_PATH=${CMAKE_PREFIX_PATH}:/home/main/circ_ws/install/circ_autonomy:/home/main/ros2_sablon_ws/install/temel_paket:/home/main/real_rover_ws/install/rover_description:/home/main/real_rover_ws/install/rover_bringup:/home/main/real_rover_ws_gi/install/rover_kamera:/home/main/real_rover_ws_gi/install/gesture_control:/home/main/ros2_ws_tank/install/tank_bot_sim:/home/main/ros2_ws_5/install/vision_pkg:/home/main/ros2_ws_4/install/benim_ilk_paketim:/home/main/ros2_ws_1/install/lidar_py_pkg:/home/main/ros2_ws3/install/simple_py_pkg:/home/main/turtlesim_ws3/install/turtlesim_py_pkg:/opt/ros/humble /usr/bin/cmake --install /home/main/rokisim_ws/build/rokisim_core
[0.561s] Level 1:colcon.colcon_core.environment:create_environment_scripts_only(rokisim_gazebo)
[0.561s] DEBUG:colcon.colcon_core.event_handler.log_command:Invoked command in '/home/main/rokisim_ws/build/rokisim_gazebo' returned '0': CMAKE_PREFIX_PATH=${CMAKE_PREFIX_PATH}:/home/main/circ_ws/install/circ_autonomy:/home/main/ros2_sablon_ws/install/temel_paket:/home/main/real_rover_ws/install/rover_description:/home/main/real_rover_ws/install/rover_bringup:/home/main/real_rover_ws_gi/install/rover_kamera:/home/main/real_rover_ws_gi/install/gesture_control:/home/main/ros2_ws_tank/install/tank_bot_sim:/home/main/ros2_ws_5/install/vision_pkg:/home/main/ros2_ws_4/install/benim_ilk_paketim:/home/main/ros2_ws_1/install/lidar_py_pkg:/home/main/ros2_ws3/install/simple_py_pkg:/home/main/turtlesim_ws3/install/turtlesim_py_pkg:/opt/ros/humble /usr/bin/cmake --install /home/main/rokisim_ws/build/rokisim_gazebo
[0.568s] Level 1:colcon.colcon_core.environment:checking '/home/main/rokisim_ws/install/rokisim_gazebo' for CMake module files
[0.569s] Level 1:colcon.colcon_core.environment:checking '/home/main/rokisim_ws/install/rokisim_gazebo' for CMake config files
[0.569s] Level 1:colcon.colcon_core.shell:create_environment_hook('rokisim_gazebo', 'cmake_prefix_path')
[0.570s] INFO:colcon.colcon_core.shell:Creating environment hook '/home/main/rokisim_ws/install/rokisim_gazebo/share/rokisim_gazebo/hook/cmake_prefix_path.ps1'
[0.571s] INFO:colcon.colcon_core.shell:Creating environment descriptor '/home/main/rokisim_ws/install/rokisim_gazebo/share/rokisim_gazebo/hook/cmake_prefix_path.dsv'
[0.571s] INFO:colcon.colcon_core.shell:Creating environment hook '/home/main/rokisim_ws/install/rokisim_gazebo/share/rokisim_gazebo/hook/cmake_prefix_path.sh'
[0.572s] Level 1:colcon.colcon_core.environment:checking '/home/main/rokisim_ws/install/rokisim_gazebo/bin'
[0.572s] Level 1:colcon.colcon_core.environment:checking '/home/main/rokisim_ws/install/rokisim_gazebo/lib/pkgconfig/rokisim_gazebo.pc'
[0.573s] Level 1:colcon.colcon_core.environment:checking '/home/main/rokisim_ws/install/rokisim_gazebo/lib/python3.10/site-packages'
[0.573s] Level 1:colcon.colcon_core.environment:checking '/home/main/rokisim_ws/install/rokisim_gazebo/bin'
[0.573s] INFO:colcon.colcon_core.shell:Creating package script '/home/main/rokisim_ws/install/rokisim_gazebo/share/rokisim_gazebo/package.ps1'
[0.574s] INFO:colcon.colcon_core.shell:Creating package descriptor '/home/main/rokisim_ws/install/rokisim_gazebo/share/rokisim_gazebo/package.dsv'
[0.575s] INFO:colcon.colcon_core.shell:Creating package script '/home/main/rokisim_ws/install/rokisim_gazebo/share/rokisim_gazebo/package.sh'
[0.576s] INFO:colcon.colcon_core.shell:Creating package script '/home/main/rokisim_ws/install/rokisim_gazebo/share/rokisim_gazebo/package.bash'
[0.576s] INFO:colcon.colcon_core.shell:Creating package script '/home/main/rokisim_ws/install/rokisim_gazebo/share/rokisim_gazebo/package.zsh'
[0.578s] Level 1:colcon.colcon_core.environment:create_file_with_runtime_dependencies(/home/main/rokisim_ws/install/rokisim_gazebo/share/colcon-core/packages/rokisim_gazebo)
[0.578s] Level 1:colcon.colcon_core.environment:create_environment_scripts_only(rokisim_gazebo)
[0.579s] Level 1:colcon.colcon_core.environment:checking '/home/main/rokisim_ws/install/rokisim_gazebo' for CMake module files
[0.579s] Level 1:colcon.colcon_core.environment:checking '/home/main/rokisim_ws/install/rokisim_gazebo' for CMake config files
[0.579s] Level 1:colcon.colcon_core.shell:create_environment_hook('rokisim_gazebo', 'cmake_prefix_path')
[0.579s] INFO:colcon.colcon_core.shell:Creating environment hook '/home/main/rokisim_ws/install/rokisim_gazebo/share/rokisim_gazebo/hook/cmake_prefix_path.ps1'
[0.579s] INFO:colcon.colcon_core.shell:Creating environment descriptor '/home/main/rokisim_ws/install/rokisim_gazebo/share/rokisim_gazebo/hook/cmake_prefix_path.dsv'
[0.580s] INFO:colcon.colcon_core.shell:Creating environment hook '/home/main/rokisim_ws/install/rokisim_gazebo/share/rokisim_gazebo/hook/cmake_prefix_path.sh'
[0.580s] Level 1:colcon.colcon_core.environment:checking '/home/main/rokisim_ws/install/rokisim_gazebo/bin'
[0.581s] Level 1:colcon.colcon_core.environment:checking '/home/main/rokisim_ws/install/rokisim_gazebo/lib/pkgconfig/rokisim_gazebo.pc'
[0.581s] Level 1:colcon.colcon_core.environment:checking '/home/main/rokisim_ws/install/rokisim_gazebo/lib/python3.10/site-packages'
[0.581s] Level 1:colcon.colcon_core.environment:checking '/home/main/rokisim_ws/install/rokisim_gazebo/bin'
[0.581s] INFO:colcon.colcon_core.shell:Creating package script '/home/main/rokisim_ws/install/rokisim_gazebo/share/rokisim_gazebo/package.ps1'
[0.582s] INFO:colcon.colcon_core.shell:Creating package descriptor '/home/main/rokisim_ws/install/rokisim_gazebo/share/rokisim_gazebo/package.dsv'
[0.582s] INFO:colcon.colcon_core.shell:Creating package script '/home/main/rokisim_ws/install/rokisim_gazebo/share/rokisim_gazebo/package.sh'
[0.583s] INFO:colcon.colcon_core.shell:Creating package script '/home/main/rokisim_ws/install/rokisim_gazebo/share/rokisim_gazebo/package.bash'
[0.583s] INFO:colcon.colcon_core.shell:Creating package script '/home/main/rokisim_ws/install/rokisim_gazebo/share/rokisim_gazebo/package.zsh'
[0.583s] Level 1:colcon.colcon_core.environment:create_file_with_runtime_dependencies(/home/main/rokisim_ws/install/rokisim_gazebo/share/colcon-core/packages/rokisim_gazebo)
[0.584s] Level 1:colcon.colcon_core.environment:create_environment_scripts_only(rokisim_core)
[0.585s] Level 1:colcon.colcon_core.environment:checking '/home/main/rokisim_ws/install/rokisim_core' for CMake module files
[0.586s] DEBUG:colcon.colcon_core.event_handler.log_command:Invoked command in '/home/main/rokisim_ws/build/rokisim_core' returned '0': CMAKE_PREFIX_PATH=${CMAKE_PREFIX_PATH}:/home/main/circ_ws/install/circ_autonomy:/home/main/ros2_sablon_ws/install/temel_paket:/home/main/real_rover_ws/install/rover_description:/home/main/real_rover_ws/install/rover_bringup:/home/main/real_rover_ws_gi/install/rover_kamera:/home/main/real_rover_ws_gi/install/gesture_control:/home/main/ros2_ws_tank/install/tank_bot_sim:/home/main/ros2_ws_5/install/vision_pkg:/home/main/ros2_ws_4/install/benim_ilk_paketim:/home/main/ros2_ws_1/install/lidar_py_pkg:/home/main/ros2_ws3/install/simple_py_pkg:/home/main/turtlesim_ws3/install/turtlesim_py_pkg:/opt/ros/humble /usr/bin/cmake --install /home/main/rokisim_ws/build/rokisim_core
[0.586s] Level 1:colcon.colcon_core.environment:checking '/home/main/rokisim_ws/install/rokisim_core' for CMake config files
[0.587s] Level 1:colcon.colcon_core.shell:create_environment_hook('rokisim_core', 'cmake_prefix_path')
[0.587s] INFO:colcon.colcon_core.shell:Creating environment hook '/home/main/rokisim_ws/install/rokisim_core/share/rokisim_core/hook/cmake_prefix_path.ps1'
[0.587s] INFO:colcon.colcon_core.shell:Creating environment descriptor '/home/main/rokisim_ws/install/rokisim_core/share/rokisim_core/hook/cmake_prefix_path.dsv'
[0.587s] INFO:colcon.colcon_core.shell:Creating environment hook '/home/main/rokisim_ws/install/rokisim_core/share/rokisim_core/hook/cmake_prefix_path.sh'
[0.588s] Level 1:colcon.colcon_core.environment:checking '/home/main/rokisim_ws/install/rokisim_core/bin'
[0.588s] Level 1:colcon.colcon_core.environment:checking '/home/main/rokisim_ws/install/rokisim_core/lib/pkgconfig/rokisim_core.pc'
[0.588s] Level 1:colcon.colcon_core.environment:checking '/home/main/rokisim_ws/install/rokisim_core/lib/python3.10/site-packages'
[0.588s] Level 1:colcon.colcon_core.environment:checking '/home/main/rokisim_ws/install/rokisim_core/bin'
[0.588s] INFO:colcon.colcon_core.shell:Creating package script '/home/main/rokisim_ws/install/rokisim_core/share/rokisim_core/package.ps1'
[0.589s] INFO:colcon.colcon_core.shell:Creating package descriptor '/home/main/rokisim_ws/install/rokisim_core/share/rokisim_core/package.dsv'
[0.589s] INFO:colcon.colcon_core.shell:Creating package script '/home/main/rokisim_ws/install/rokisim_core/share/rokisim_core/package.sh'
[0.589s] INFO:colcon.colcon_core.shell:Creating package script '/home/main/rokisim_ws/install/rokisim_core/share/rokisim_core/package.bash'
[0.589s] INFO:colcon.colcon_core.shell:Creating package script '/home/main/rokisim_ws/install/rokisim_core/share/rokisim_core/package.zsh'
[0.589s] Level 1:colcon.colcon_core.environment:create_file_with_runtime_dependencies(/home/main/rokisim_ws/install/rokisim_core/share/colcon-core/packages/rokisim_core)
[0.590s] Level 1:colcon.colcon_core.environment:create_environment_scripts_only(rokisim_core)
[0.590s] Level 1:colcon.colcon_core.environment:checking '/home/main/rokisim_ws/install/rokisim_core' for CMake module files
[0.590s] Level 1:colcon.colcon_core.environment:checking '/home/main/rokisim_ws/install/rokisim_core' for CMake config files
[0.590s] Level 1:colcon.colcon_core.shell:create_environment_hook('rokisim_core', 'cmake_prefix_path')
[0.590s] INFO:colcon.colcon_core.shell:Creating environment hook '/home/main/rokisim_ws/install/rokisim_core/share/rokisim_core/hook/cmake_prefix_path.ps1'
[0.590s] INFO:colcon.colcon_core.shell:Creating environment descriptor '/home/main/rokisim_ws/install/rokisim_core/share/rokisim_core/hook/cmake_prefix_path.dsv'
[0.590s] INFO:colcon.colcon_core.shell:Creating environment hook '/home/main/rokisim_ws/install/rokisim_core/share/rokisim_core/hook/cmake_prefix_path.sh'
[0.591s] Level 1:colcon.colcon_core.environment:checking '/home/main/rokisim_ws/install/rokisim_core/bin'
[0.591s] Level 1:colcon.colcon_core.environment:checking '/home/main/rokisim_ws/install/rokisim_core/lib/pkgconfig/rokisim_core.pc'
[0.591s] Level 1:colcon.colcon_core.environment:checking '/home/main/rokisim_ws/install/rokisim_core/lib/python3.10/site-packages'
[0.591s] Level 1:colcon.colcon_core.environment:checking '/home/main/rokisim_ws/install/rokisim_core/bin'
[0.591s] INFO:colcon.colcon_core.shell:Creating package script '/home/main/rokisim_ws/install/rokisim_core/share/rokisim_core/package.ps1'
[0.592s] INFO:colcon.colcon_core.shell:Creating package descriptor '/home/main/rokisim_ws/install/rokisim_core/share/rokisim_core/package.dsv'
[0.592s] INFO:colcon.colcon_core.shell:Creating package script '/home/main/rokisim_ws/install/rokisim_core/share/rokisim_core/package.sh'
[0.593s] INFO:colcon.colcon_core.shell:Creating package script '/home/main/rokisim_ws/install/rokisim_core/share/rokisim_core/package.bash'
[0.593s] INFO:colcon.colcon_core.shell:Creating package script '/home/main/rokisim_ws/install/rokisim_core/share/rokisim_core/package.zsh'
[0.593s] Level 1:colcon.colcon_core.environment:create_file_with_runtime_dependencies(/home/main/rokisim_ws/install/rokisim_core/share/colcon-core/packages/rokisim_core)
[0.593s] DEBUG:colcon.colcon_parallel_executor.executor.parallel:closing loop
[0.593s] DEBUG:colcon.colcon_parallel_executor.executor.parallel:loop closed
[0.593s] DEBUG:colcon.colcon_parallel_executor.executor.parallel:run_until_complete finished with '0'
[0.593s] DEBUG:colcon.colcon_core.event_reactor:joining thread
[0.603s] INFO:colcon.colcon_core.plugin_system:Skipping extension 'colcon_notification.desktop_notification.terminal_notifier': Not used on non-Darwin systems
[0.603s] INFO:colcon.colcon_core.plugin_system:Skipping extension 'colcon_notification.desktop_notification.win32': Not used on non-Windows systems
[0.603s] INFO:colcon.colcon_notification.desktop_notification:Sending desktop notification using 'notify2'
[0.614s] DEBUG:colcon.colcon_core.event_reactor:joined thread
[0.614s] INFO:colcon.colcon_core.shell:Creating prefix script '/home/main/rokisim_ws/install/local_setup.ps1'
[0.615s] INFO:colcon.colcon_core.shell:Creating prefix util module '/home/main/rokisim_ws/install/_local_setup_util_ps1.py'
[0.616s] INFO:colcon.colcon_core.shell:Creating prefix chain script '/home/main/rokisim_ws/install/setup.ps1'
[0.618s] INFO:colcon.colcon_core.shell:Creating prefix script '/home/main/rokisim_ws/install/local_setup.sh'
[0.619s] INFO:colcon.colcon_core.shell:Creating prefix util module '/home/main/rokisim_ws/install/_local_setup_util_sh.py'
[0.620s] INFO:colcon.colcon_core.shell:Creating prefix chain script '/home/main/rokisim_ws/install/setup.sh'
[0.621s] INFO:colcon.colcon_core.shell:Creating prefix script '/home/main/rokisim_ws/install/local_setup.bash'
[0.622s] INFO:colcon.colcon_core.shell:Creating prefix chain script '/home/main/rokisim_ws/install/setup.bash'
[0.625s] INFO:colcon.colcon_core.shell:Creating prefix script '/home/main/rokisim_ws/install/local_setup.zsh'
[0.626s] INFO:colcon.colcon_core.shell:Creating prefix chain script '/home/main/rokisim_ws/install/setup.zsh'
