[0.014s] Invoking command in '/home/main/rokisim_ws/build/rokisim_gazebo': CMAKE_PREFIX_PATH=${CMAKE_PREFIX_PATH}:/home/main/circ_ws/install/circ_autonomy:/home/main/ros2_sablon_ws/install/temel_paket:/home/main/real_rover_ws/install/rover_description:/home/main/real_rover_ws/install/rover_bringup:/home/main/real_rover_ws_gi/install/rover_kamera:/home/main/real_rover_ws_gi/install/gesture_control:/home/main/ros2_ws_tank/install/tank_bot_sim:/home/main/ros2_ws_5/install/vision_pkg:/home/main/ros2_ws_4/install/benim_ilk_paketim:/home/main/ros2_ws_1/install/lidar_py_pkg:/home/main/ros2_ws3/install/simple_py_pkg:/home/main/turtlesim_ws3/install/turtlesim_py_pkg:/opt/ros/humble /usr/bin/cmake --build /home/main/rokisim_ws/build/rokisim_gazebo -- -j12 -l12
[0.099s] Invoked command in '/home/main/rokisim_ws/build/rokisim_gazebo' returned '0': CMAKE_PREFIX_PATH=${CMAKE_PREFIX_PATH}:/home/main/circ_ws/install/circ_autonomy:/home/main/ros2_sablon_ws/install/temel_paket:/home/main/real_rover_ws/install/rover_description:/home/main/real_rover_ws/install/rover_bringup:/home/main/real_rover_ws_gi/install/rover_kamera:/home/main/real_rover_ws_gi/install/gesture_control:/home/main/ros2_ws_tank/install/tank_bot_sim:/home/main/ros2_ws_5/install/vision_pkg:/home/main/ros2_ws_4/install/benim_ilk_paketim:/home/main/ros2_ws_1/install/lidar_py_pkg:/home/main/ros2_ws3/install/simple_py_pkg:/home/main/turtlesim_ws3/install/turtlesim_py_pkg:/opt/ros/humble /usr/bin/cmake --build /home/main/rokisim_ws/build/rokisim_gazebo -- -j12 -l12
[0.102s] Invoking command in '/home/main/rokisim_ws/build/rokisim_gazebo': CMAKE_PREFIX_PATH=${CMAKE_PREFIX_PATH}:/home/main/circ_ws/install/circ_autonomy:/home/main/ros2_sablon_ws/install/temel_paket:/home/main/real_rover_ws/install/rover_description:/home/main/real_rover_ws/install/rover_bringup:/home/main/real_rover_ws_gi/install/rover_kamera:/home/main/real_rover_ws_gi/install/gesture_control:/home/main/ros2_ws_tank/install/tank_bot_sim:/home/main/ros2_ws_5/install/vision_pkg:/home/main/ros2_ws_4/install/benim_ilk_paketim:/home/main/ros2_ws_1/install/lidar_py_pkg:/home/main/ros2_ws3/install/simple_py_pkg:/home/main/turtlesim_ws3/install/turtlesim_py_pkg:/opt/ros/humble /usr/bin/cmake --install /home/main/rokisim_ws/build/rokisim_gazebo
[0.110s] -- Install configuration: ""
[0.110s] -- Up-to-date: /home/main/rokisim_ws/install/rokisim_gazebo/share/rokisim_gazebo//launch
[0.110s] -- Up-to-date: /home/main/rokisim_ws/install/rokisim_gazebo/share/rokisim_gazebo//launch/display.launch.py
[0.110s] -- Up-to-date: /home/main/rokisim_ws/install/rokisim_gazebo/share/rokisim_gazebo//launch/gazebo.launch.py
[0.110s] -- Up-to-date: /home/main/rokisim_ws/install/rokisim_gazebo/share/rokisim_gazebo//urdf
[0.111s] -- Up-to-date: /home/main/rokisim_ws/install/rokisim_gazebo/share/rokisim_gazebo//urdf/simple_arm.urdf
[0.111s] -- Up-to-date: /home/main/rokisim_ws/install/rokisim_gazebo/share/rokisim_gazebo//rviz
[0.111s] -- Up-to-date: /home/main/rokisim_ws/install/rokisim_gazebo/share/rokisim_gazebo//worlds
[0.111s] -- Up-to-date: /home/main/rokisim_ws/install/rokisim_gazebo/share/rokisim_gazebo//worlds/laboratuvar.world
[0.112s] -- Up-to-date: /home/main/rokisim_ws/install/rokisim_gazebo/share/rokisim_gazebo//config
[0.112s] -- Up-to-date: /home/main/rokisim_ws/install/rokisim_gazebo/share/rokisim_gazebo//config/controllers.yaml
[0.112s] -- Up-to-date: /home/main/rokisim_ws/install/rokisim_gazebo/share/ament_index/resource_index/package_run_dependencies/rokisim_gazebo
[0.112s] -- Up-to-date: /home/main/rokisim_ws/install/rokisim_gazebo/share/ament_index/resource_index/parent_prefix_path/rokisim_gazebo
[0.112s] -- Up-to-date: /home/main/rokisim_ws/install/rokisim_gazebo/share/rokisim_gazebo/environment/ament_prefix_path.sh
[0.112s] -- Up-to-date: /home/main/rokisim_ws/install/rokisim_gazebo/share/rokisim_gazebo/environment/ament_prefix_path.dsv
[0.112s] -- Up-to-date: /home/main/rokisim_ws/install/rokisim_gazebo/share/rokisim_gazebo/environment/path.sh
[0.112s] -- Up-to-date: /home/main/rokisim_ws/install/rokisim_gazebo/share/rokisim_gazebo/environment/path.dsv
[0.112s] -- Up-to-date: /home/main/rokisim_ws/install/rokisim_gazebo/share/rokisim_gazebo/local_setup.bash
[0.113s] -- Up-to-date: /home/main/rokisim_ws/install/rokisim_gazebo/share/rokisim_gazebo/local_setup.sh
[0.113s] -- Up-to-date: /home/main/rokisim_ws/install/rokisim_gazebo/share/rokisim_gazebo/local_setup.zsh
[0.113s] -- Up-to-date: /home/main/rokisim_ws/install/rokisim_gazebo/share/rokisim_gazebo/local_setup.dsv
[0.113s] -- Installing: /home/main/rokisim_ws/install/rokisim_gazebo/share/rokisim_gazebo/package.dsv
[0.113s] -- Up-to-date: /home/main/rokisim_ws/install/rokisim_gazebo/share/ament_index/resource_index/packages/rokisim_gazebo
[0.113s] -- Up-to-date: /home/main/rokisim_ws/install/rokisim_gazebo/share/rokisim_gazebo/cmake/rokisim_gazeboConfig.cmake
[0.113s] -- Up-to-date: /home/main/rokisim_ws/install/rokisim_gazebo/share/rokisim_gazebo/cmake/rokisim_gazeboConfig-version.cmake
[0.113s] -- Up-to-date: /home/main/rokisim_ws/install/rokisim_gazebo/share/rokisim_gazebo/package.xml
[0.130s] Invoked command in '/home/main/rokisim_ws/build/rokisim_gazebo' returned '0': CMAKE_PREFIX_PATH=${CMAKE_PREFIX_PATH}:/home/main/circ_ws/install/circ_autonomy:/home/main/ros2_sablon_ws/install/temel_paket:/home/main/real_rover_ws/install/rover_description:/home/main/real_rover_ws/install/rover_bringup:/home/main/real_rover_ws_gi/install/rover_kamera:/home/main/real_rover_ws_gi/install/gesture_control:/home/main/ros2_ws_tank/install/tank_bot_sim:/home/main/ros2_ws_5/install/vision_pkg:/home/main/ros2_ws_4/install/benim_ilk_paketim:/home/main/ros2_ws_1/install/lidar_py_pkg:/home/main/ros2_ws3/install/simple_py_pkg:/home/main/turtlesim_ws3/install/turtlesim_py_pkg:/opt/ros/humble /usr/bin/cmake --install /home/main/rokisim_ws/build/rokisim_gazebo
