[0.018s] Invoking command in '/home/main/rokisim_ws/build/rokisim_core': CMAKE_PREFIX_PATH=${CMAKE_PREFIX_PATH}:/home/main/circ_ws/install/circ_autonomy:/home/main/ros2_sablon_ws/install/temel_paket:/home/main/real_rover_ws/install/rover_description:/home/main/real_rover_ws/install/rover_bringup:/home/main/real_rover_ws_gi/install/rover_kamera:/home/main/real_rover_ws_gi/install/gesture_control:/home/main/ros2_ws_tank/install/tank_bot_sim:/home/main/ros2_ws_5/install/vision_pkg:/home/main/ros2_ws_4/install/benim_ilk_paketim:/home/main/ros2_ws_1/install/lidar_py_pkg:/home/main/ros2_ws3/install/simple_py_pkg:/home/main/turtlesim_ws3/install/turtlesim_py_pkg:/opt/ros/humble /usr/bin/cmake --build /home/main/rokisim_ws/build/rokisim_core -- -j12 -l12
[0.105s] Invoked command in '/home/main/rokisim_ws/build/rokisim_core' returned '0': CMAKE_PREFIX_PATH=${CMAKE_PREFIX_PATH}:/home/main/circ_ws/install/circ_autonomy:/home/main/ros2_sablon_ws/install/temel_paket:/home/main/real_rover_ws/install/rover_description:/home/main/real_rover_ws/install/rover_bringup:/home/main/real_rover_ws_gi/install/rover_kamera:/home/main/real_rover_ws_gi/install/gesture_control:/home/main/ros2_ws_tank/install/tank_bot_sim:/home/main/ros2_ws_5/install/vision_pkg:/home/main/ros2_ws_4/install/benim_ilk_paketim:/home/main/ros2_ws_1/install/lidar_py_pkg:/home/main/ros2_ws3/install/simple_py_pkg:/home/main/turtlesim_ws3/install/turtlesim_py_pkg:/opt/ros/humble /usr/bin/cmake --build /home/main/rokisim_ws/build/rokisim_core -- -j12 -l12
[0.107s] Invoking command in '/home/main/rokisim_ws/build/rokisim_core': CMAKE_PREFIX_PATH=${CMAKE_PREFIX_PATH}:/home/main/circ_ws/install/circ_autonomy:/home/main/ros2_sablon_ws/install/temel_paket:/home/main/real_rover_ws/install/rover_description:/home/main/real_rover_ws/install/rover_bringup:/home/main/real_rover_ws_gi/install/rover_kamera:/home/main/real_rover_ws_gi/install/gesture_control:/home/main/ros2_ws_tank/install/tank_bot_sim:/home/main/ros2_ws_5/install/vision_pkg:/home/main/ros2_ws_4/install/benim_ilk_paketim:/home/main/ros2_ws_1/install/lidar_py_pkg:/home/main/ros2_ws3/install/simple_py_pkg:/home/main/turtlesim_ws3/install/turtlesim_py_pkg:/opt/ros/humble /usr/bin/cmake --install /home/main/rokisim_ws/build/rokisim_core
[0.114s] -- Install configuration: ""
[0.114s] -- Up-to-date: /home/main/rokisim_ws/install/rokisim_core/share/ament_index/resource_index/package_run_dependencies/rokisim_core
[0.115s] -- Up-to-date: /home/main/rokisim_ws/install/rokisim_core/share/ament_index/resource_index/parent_prefix_path/rokisim_core
[0.115s] -- Up-to-date: /home/main/rokisim_ws/install/rokisim_core/share/rokisim_core/environment/ament_prefix_path.sh
[0.115s] -- Up-to-date: /home/main/rokisim_ws/install/rokisim_core/share/rokisim_core/environment/ament_prefix_path.dsv
[0.115s] -- Up-to-date: /home/main/rokisim_ws/install/rokisim_core/share/rokisim_core/environment/path.sh
[0.115s] -- Up-to-date: /home/main/rokisim_ws/install/rokisim_core/share/rokisim_core/environment/path.dsv
[0.115s] -- Up-to-date: /home/main/rokisim_ws/install/rokisim_core/share/rokisim_core/local_setup.bash
[0.115s] -- Up-to-date: /home/main/rokisim_ws/install/rokisim_core/share/rokisim_core/local_setup.sh
[0.116s] -- Up-to-date: /home/main/rokisim_ws/install/rokisim_core/share/rokisim_core/local_setup.zsh
[0.116s] -- Up-to-date: /home/main/rokisim_ws/install/rokisim_core/share/rokisim_core/local_setup.dsv
[0.116s] -- Installing: /home/main/rokisim_ws/install/rokisim_core/share/rokisim_core/package.dsv
[0.116s] -- Up-to-date: /home/main/rokisim_ws/install/rokisim_core/share/ament_index/resource_index/packages/rokisim_core
[0.116s] -- Up-to-date: /home/main/rokisim_ws/install/rokisim_core/share/rokisim_core/cmake/rokisim_coreConfig.cmake
[0.116s] -- Up-to-date: /home/main/rokisim_ws/install/rokisim_core/share/rokisim_core/cmake/rokisim_coreConfig-version.cmake
[0.116s] -- Up-to-date: /home/main/rokisim_ws/install/rokisim_core/share/rokisim_core/package.xml
[0.133s] Invoked command in '/home/main/rokisim_ws/build/rokisim_core' returned '0': CMAKE_PREFIX_PATH=${CMAKE_PREFIX_PATH}:/home/main/circ_ws/install/circ_autonomy:/home/main/ros2_sablon_ws/install/temel_paket:/home/main/real_rover_ws/install/rover_description:/home/main/real_rover_ws/install/rover_bringup:/home/main/real_rover_ws_gi/install/rover_kamera:/home/main/real_rover_ws_gi/install/gesture_control:/home/main/ros2_ws_tank/install/tank_bot_sim:/home/main/ros2_ws_5/install/vision_pkg:/home/main/ros2_ws_4/install/benim_ilk_paketim:/home/main/ros2_ws_1/install/lidar_py_pkg:/home/main/ros2_ws3/install/simple_py_pkg:/home/main/turtlesim_ws3/install/turtlesim_py_pkg:/opt/ros/humble /usr/bin/cmake --install /home/main/rokisim_ws/build/rokisim_core
