[0.240s] DEBUG:colcon:Command line arguments: ['/usr/bin/colcon', 'build']
[0.240s] DEBUG:colcon:Parsed command line arguments: Namespace(log_base=None, log_level=None, verb_name='build', build_base='build', install_base='install', merge_install=False, symlink_install=False, test_result_base=None, continue_on_error=False, executor='parallel', parallel_workers=12, event_handlers=None, ignore_user_meta=False, metas=['./colcon.meta'], base_paths=['.'], packages_ignore=None, packages_ignore_regex=None, paths=None, packages_up_to=None, packages_up_to_regex=None, packages_above=None, packages_above_and_dependencies=None, packages_above_depth=None, packages_select_by_dep=None, packages_skip_by_dep=None, packages_skip_up_to=None, packages_select_build_failed=False, packages_skip_build_finished=False, packages_select_test_failures=False, packages_skip_test_passed=False, packages_select=None, packages_skip=None, packages_select_regex=None, packages_skip_regex=None, packages_start=None, packages_end=None, allow_overriding=[], cmake_args=None, cmake_target=None, cmake_target_skip_unavailable=False, cmake_clean_cache=False, cmake_clean_first=False, cmake_force_configure=False, ament_cmake_args=None, catkin_cmake_args=None, catkin_skip_building_tests=False, verb_parser=<colcon_defaults.argument_parser.defaults.DefaultArgumentsDecorator object at 0x7ec974f79b10>, verb_extension=<colcon_core.verb.build.BuildVerb object at 0x7ec974f795d0>, main=<bound method BuildVerb.main of <colcon_core.verb.build.BuildVerb object at 0x7ec974f795d0>>)
[0.463s] Level 1:colcon.colcon_core.package_discovery:discover_packages(colcon_meta) check parameters
[0.463s] Level 1:colcon.colcon_core.package_discovery:discover_packages(recursive) check parameters
[0.463s] Level 1:colcon.colcon_core.package_discovery:discover_packages(ignore) check parameters
[0.463s] Level 1:colcon.colcon_core.package_discovery:discover_packages(path) check parameters
[0.463s] Level 1:colcon.colcon_core.package_discovery:discover_packages(colcon_meta) discover
[0.464s] Level 1:colcon.colcon_core.package_discovery:discover_packages(recursive) discover
[0.464s] INFO:colcon.colcon_core.package_discovery:Crawling recursively for packages in '/home/main/rokisim_ws'
[0.464s] Level 1:colcon.colcon_core.package_identification:_identify(.) by extensions ['ignore', 'ignore_ament_install']
[0.464s] Level 1:colcon.colcon_core.package_identification:_identify(.) by extension 'ignore'
[0.464s] Level 1:colcon.colcon_core.package_identification:_identify(.) by extension 'ignore_ament_install'
[0.464s] Level 1:colcon.colcon_core.package_identification:_identify(.) by extensions ['colcon_pkg']
[0.464s] Level 1:colcon.colcon_core.package_identification:_identify(.) by extension 'colcon_pkg'
[0.464s] Level 1:colcon.colcon_core.package_identification:_identify(.) by extensions ['colcon_meta']
[0.464s] Level 1:colcon.colcon_core.package_identification:_identify(.) by extension 'colcon_meta'
[0.464s] Level 1:colcon.colcon_core.package_identification:_identify(.) by extensions ['ros']
[0.464s] Level 1:colcon.colcon_core.package_identification:_identify(.) by extension 'ros'
[0.473s] Level 1:colcon.colcon_core.package_identification:_identify(.) by extensions ['cmake', 'python']
[0.473s] Level 1:colcon.colcon_core.package_identification:_identify(.) by extension 'cmake'
[0.473s] Level 1:colcon.colcon_core.package_identification:_identify(.) by extension 'python'
[0.473s] Level 1:colcon.colcon_core.package_identification:_identify(.) by extensions ['python_setup_py']
[0.473s] Level 1:colcon.colcon_core.package_identification:_identify(.) by extension 'python_setup_py'
[0.473s] Level 1:colcon.colcon_core.package_identification:_identify(build) by extensions ['ignore', 'ignore_ament_install']
[0.473s] Level 1:colcon.colcon_core.package_identification:_identify(build) by extension 'ignore'
[0.473s] Level 1:colcon.colcon_core.package_identification:_identify(build) ignored
[0.473s] Level 1:colcon.colcon_core.package_identification:_identify(install) by extensions ['ignore', 'ignore_ament_install']
[0.473s] Level 1:colcon.colcon_core.package_identification:_identify(install) by extension 'ignore'
[0.473s] Level 1:colcon.colcon_core.package_identification:_identify(install) ignored
[0.474s] Level 1:colcon.colcon_core.package_identification:_identify(log) by extensions ['ignore', 'ignore_ament_install']
[0.474s] Level 1:colcon.colcon_core.package_identification:_identify(log) by extension 'ignore'
[0.474s] Level 1:colcon.colcon_core.package_identification:_identify(log) ignored
[0.474s] Level 1:colcon.colcon_core.package_identification:_identify(src) by extensions ['ignore', 'ignore_ament_install']
[0.474s] Level 1:colcon.colcon_core.package_identification:_identify(src) by extension 'ignore'
[0.474s] Level 1:colcon.colcon_core.package_identification:_identify(src) by extension 'ignore_ament_install'
[0.474s] Level 1:colcon.colcon_core.package_identification:_identify(src) by extensions ['colcon_pkg']
[0.474s] Level 1:colcon.colcon_core.package_identification:_identify(src) by extension 'colcon_pkg'
[0.474s] Level 1:colcon.colcon_core.package_identification:_identify(src) by extensions ['colcon_meta']
[0.474s] Level 1:colcon.colcon_core.package_identification:_identify(src) by extension 'colcon_meta'
[0.474s] Level 1:colcon.colcon_core.package_identification:_identify(src) by extensions ['ros']
[0.474s] Level 1:colcon.colcon_core.package_identification:_identify(src) by extension 'ros'
[0.474s] Level 1:colcon.colcon_core.package_identification:_identify(src) by extensions ['cmake', 'python']
[0.474s] Level 1:colcon.colcon_core.package_identification:_identify(src) by extension 'cmake'
[0.474s] Level 1:colcon.colcon_core.package_identification:_identify(src) by extension 'python'
[0.474s] Level 1:colcon.colcon_core.package_identification:_identify(src) by extensions ['python_setup_py']
[0.474s] Level 1:colcon.colcon_core.package_identification:_identify(src) by extension 'python_setup_py'
[0.474s] Level 1:colcon.colcon_core.package_identification:_identify(src/rokisim_core) by extensions ['ignore', 'ignore_ament_install']
[0.474s] Level 1:colcon.colcon_core.package_identification:_identify(src/rokisim_core) by extension 'ignore'
[0.474s] Level 1:colcon.colcon_core.package_identification:_identify(src/rokisim_core) by extension 'ignore_ament_install'
[0.474s] Level 1:colcon.colcon_core.package_identification:_identify(src/rokisim_core) by extensions ['colcon_pkg']
[0.474s] Level 1:colcon.colcon_core.package_identification:_identify(src/rokisim_core) by extension 'colcon_pkg'
[0.474s] Level 1:colcon.colcon_core.package_identification:_identify(src/rokisim_core) by extensions ['colcon_meta']
[0.474s] Level 1:colcon.colcon_core.package_identification:_identify(src/rokisim_core) by extension 'colcon_meta'
[0.474s] Level 1:colcon.colcon_core.package_identification:_identify(src/rokisim_core) by extensions ['ros']
[0.474s] Level 1:colcon.colcon_core.package_identification:_identify(src/rokisim_core) by extension 'ros'
[0.476s] DEBUG:colcon.colcon_core.package_identification:Package 'src/rokisim_core' with type 'ros.ament_cmake' and name 'rokisim_core'
[0.476s] Level 1:colcon.colcon_core.package_identification:_identify(src/rokisim_gazebo) by extensions ['ignore', 'ignore_ament_install']
[0.476s] Level 1:colcon.colcon_core.package_identification:_identify(src/rokisim_gazebo) by extension 'ignore'
[0.477s] Level 1:colcon.colcon_core.package_identification:_identify(src/rokisim_gazebo) by extension 'ignore_ament_install'
[0.477s] Level 1:colcon.colcon_core.package_identification:_identify(src/rokisim_gazebo) by extensions ['colcon_pkg']
[0.477s] Level 1:colcon.colcon_core.package_identification:_identify(src/rokisim_gazebo) by extension 'colcon_pkg'
[0.477s] Level 1:colcon.colcon_core.package_identification:_identify(src/rokisim_gazebo) by extensions ['colcon_meta']
[0.477s] Level 1:colcon.colcon_core.package_identification:_identify(src/rokisim_gazebo) by extension 'colcon_meta'
[0.477s] Level 1:colcon.colcon_core.package_identification:_identify(src/rokisim_gazebo) by extensions ['ros']
[0.477s] Level 1:colcon.colcon_core.package_identification:_identify(src/rokisim_gazebo) by extension 'ros'
[0.477s] DEBUG:colcon.colcon_core.package_identification:Package 'src/rokisim_gazebo' with type 'ros.ament_cmake' and name 'rokisim_gazebo'
[0.477s] Level 1:colcon.colcon_core.package_discovery:discover_packages(recursive) using defaults
[0.477s] Level 1:colcon.colcon_core.package_discovery:discover_packages(ignore) discover
[0.477s] Level 1:colcon.colcon_core.package_discovery:discover_packages(ignore) using defaults
[0.477s] Level 1:colcon.colcon_core.package_discovery:discover_packages(path) discover
[0.477s] Level 1:colcon.colcon_core.package_discovery:discover_packages(path) using defaults
[0.500s] Level 1:colcon.colcon_core.package_discovery:discover_packages(prefix_path) check parameters
[0.500s] Level 1:colcon.colcon_core.package_discovery:discover_packages(prefix_path) discover
[0.512s] DEBUG:colcon.colcon_installed_package_information.package_discovery:Found 2 installed packages in /home/main/rokisim_ws/install
[0.513s] DEBUG:colcon.colcon_installed_package_information.package_discovery:Found 1 installed packages in /home/main/ros2_cpp_ws/install
[0.515s] DEBUG:colcon.colcon_installed_package_information.package_discovery:Found 4 installed packages in /home/main/circ_ws/install
[0.516s] DEBUG:colcon.colcon_installed_package_information.package_discovery:Found 1 installed packages in /home/main/ros2_sablon_ws/install
[0.517s] DEBUG:colcon.colcon_installed_package_information.package_discovery:Found 2 installed packages in /home/main/real_rover_ws_gi/install
[0.518s] DEBUG:colcon.colcon_installed_package_information.package_discovery:Found 0 installed packages in /home/main/ros2_ws/install
[0.518s] DEBUG:colcon.colcon_installed_package_information.package_discovery:Found 1 installed packages in /home/main/ros2_ws_5/install
[0.519s] DEBUG:colcon.colcon_installed_package_information.package_discovery:Found 1 installed packages in /home/main/ros2_ws_first/install
[0.519s] DEBUG:colcon.colcon_installed_package_information.package_discovery:Found 1 installed packages in /home/main/ros2_ws_4/install
[0.520s] DEBUG:colcon.colcon_installed_package_information.package_discovery:Found 1 installed packages in /home/main/turtlesim_ws3/install
[0.522s] DEBUG:colcon.colcon_installed_package_information.package_discovery:Found 3 installed packages in /home/main/ros2_ws3/install
[0.524s] DEBUG:colcon.colcon_installed_package_information.package_discovery:Found 4 installed packages in /home/main/turtlebot3_ws_1/install
[0.526s] DEBUG:colcon.colcon_installed_package_information.package_discovery:Found 4 installed packages in /home/main/ros2_ws_1/install
[0.527s] DEBUG:colcon.colcon_installed_package_information.package_discovery:Found 1 installed packages in /home/main/ros2_ws_p/install
[0.528s] DEBUG:colcon.colcon_installed_package_information.package_discovery:Found 2 installed packages in /home/main/real_rover_ws/install
[0.528s] DEBUG:colcon.colcon_installed_package_information.package_discovery:Found 1 installed packages in /home/main/minato_ws/install
[0.529s] DEBUG:colcon.colcon_installed_package_information.package_discovery:Found 1 installed packages in /home/main/rover_ws/install
[0.530s] DEBUG:colcon.colcon_installed_package_information.package_discovery:Found 1 installed packages in /home/main/ros2_ws_tank/install
[0.531s] DEBUG:colcon.colcon_installed_package_information.package_discovery:Found 1 installed packages in /home/main/ika_ws/install
[0.533s] DEBUG:colcon.colcon_installed_package_information.package_discovery:Found 516 installed packages in /opt/ros/humble
[0.535s] Level 1:colcon.colcon_core.package_discovery:discover_packages(prefix_path) using defaults
[0.669s] Level 5:colcon.colcon_core.verb:set package 'rokisim_core' build argument 'cmake_args' from command line to 'None'
[0.669s] Level 5:colcon.colcon_core.verb:set package 'rokisim_core' build argument 'cmake_target' from command line to 'None'
[0.669s] Level 5:colcon.colcon_core.verb:set package 'rokisim_core' build argument 'cmake_target_skip_unavailable' from command line to 'False'
[0.669s] Level 5:colcon.colcon_core.verb:set package 'rokisim_core' build argument 'cmake_clean_cache' from command line to 'False'
[0.669s] Level 5:colcon.colcon_core.verb:set package 'rokisim_core' build argument 'cmake_clean_first' from command line to 'False'
[0.669s] Level 5:colcon.colcon_core.verb:set package 'rokisim_core' build argument 'cmake_force_configure' from command line to 'False'
[0.669s] Level 5:colcon.colcon_core.verb:set package 'rokisim_core' build argument 'ament_cmake_args' from command line to 'None'
[0.669s] Level 5:colcon.colcon_core.verb:set package 'rokisim_core' build argument 'catkin_cmake_args' from command line to 'None'
[0.669s] Level 5:colcon.colcon_core.verb:set package 'rokisim_core' build argument 'catkin_skip_building_tests' from command line to 'False'
[0.669s] DEBUG:colcon.colcon_core.verb:Building package 'rokisim_core' with the following arguments: {'ament_cmake_args': None, 'build_base': '/home/main/rokisim_ws/build/rokisim_core', 'catkin_cmake_args': None, 'catkin_skip_building_tests': False, 'cmake_args': None, 'cmake_clean_cache': False, 'cmake_clean_first': False, 'cmake_force_configure': False, 'cmake_target': None, 'cmake_target_skip_unavailable': False, 'install_base': '/home/main/rokisim_ws/install/rokisim_core', 'merge_install': False, 'path': '/home/main/rokisim_ws/src/rokisim_core', 'symlink_install': False, 'test_result_base': None}
[0.670s] Level 5:colcon.colcon_core.verb:set package 'rokisim_gazebo' build argument 'cmake_args' from command line to 'None'
[0.670s] Level 5:colcon.colcon_core.verb:set package 'rokisim_gazebo' build argument 'cmake_target' from command line to 'None'
[0.670s] Level 5:colcon.colcon_core.verb:set package 'rokisim_gazebo' build argument 'cmake_target_skip_unavailable' from command line to 'False'
[0.670s] Level 5:colcon.colcon_core.verb:set package 'rokisim_gazebo' build argument 'cmake_clean_cache' from command line to 'False'
[0.670s] Level 5:colcon.colcon_core.verb:set package 'rokisim_gazebo' build argument 'cmake_clean_first' from command line to 'False'
[0.670s] Level 5:colcon.colcon_core.verb:set package 'rokisim_gazebo' build argument 'cmake_force_configure' from command line to 'False'
[0.670s] Level 5:colcon.colcon_core.verb:set package 'rokisim_gazebo' build argument 'ament_cmake_args' from command line to 'None'
[0.670s] Level 5:colcon.colcon_core.verb:set package 'rokisim_gazebo' build argument 'catkin_cmake_args' from command line to 'None'
[0.670s] Level 5:colcon.colcon_core.verb:set package 'rokisim_gazebo' build argument 'catkin_skip_building_tests' from command line to 'False'
[0.670s] DEBUG:colcon.colcon_core.verb:Building package 'rokisim_gazebo' with the following arguments: {'ament_cmake_args': None, 'build_base': '/home/main/rokisim_ws/build/rokisim_gazebo', 'catkin_cmake_args': None, 'catkin_skip_building_tests': False, 'cmake_args': None, 'cmake_clean_cache': False, 'cmake_clean_first': False, 'cmake_force_configure': False, 'cmake_target': None, 'cmake_target_skip_unavailable': False, 'install_base': '/home/main/rokisim_ws/install/rokisim_gazebo', 'merge_install': False, 'path': '/home/main/rokisim_ws/src/rokisim_gazebo', 'symlink_install': False, 'test_result_base': None}
[0.670s] INFO:colcon.colcon_core.executor:Executing jobs using 'parallel' executor
[0.671s] DEBUG:colcon.colcon_parallel_executor.executor.parallel:run_until_complete
[0.671s] INFO:colcon.colcon_ros.task.ament_cmake.build:Building ROS package in '/home/main/rokisim_ws/src/rokisim_core' with build type 'ament_cmake'
[0.671s] INFO:colcon.colcon_cmake.task.cmake.build:Building CMake package in '/home/main/rokisim_ws/src/rokisim_core'
[0.675s] INFO:colcon.colcon_core.plugin_system:Skipping extension 'colcon_core.shell.bat': Not used on non-Windows systems
[0.675s] INFO:colcon.colcon_core.shell:Skip shell extension 'powershell' for command environment: Not usable outside of PowerShell
[0.675s] DEBUG:colcon.colcon_core.shell:Skip shell extension 'dsv' for command environment
[0.681s] INFO:colcon.colcon_ros.task.ament_cmake.build:Building ROS package in '/home/main/rokisim_ws/src/rokisim_gazebo' with build type 'ament_cmake'
[0.681s] INFO:colcon.colcon_cmake.task.cmake.build:Building CMake package in '/home/main/rokisim_ws/src/rokisim_gazebo'
[0.681s] INFO:colcon.colcon_core.shell:Skip shell extension 'powershell' for command environment: Not usable outside of PowerShell
[0.681s] DEBUG:colcon.colcon_core.shell:Skip shell extension 'dsv' for command environment
[0.690s] DEBUG:colcon.colcon_core.event_handler.log_command:Invoking command in '/home/main/rokisim_ws/build/rokisim_core': CMAKE_PREFIX_PATH=${CMAKE_PREFIX_PATH}:/home/main/circ_ws/install/circ_autonomy:/home/main/ros2_sablon_ws/install/temel_paket:/home/main/real_rover_ws/install/rover_description:/home/main/real_rover_ws/install/rover_bringup:/home/main/real_rover_ws_gi/install/rover_kamera:/home/main/real_rover_ws_gi/install/gesture_control:/home/main/ros2_ws_tank/install/tank_bot_sim:/home/main/ros2_ws_5/install/vision_pkg:/home/main/ros2_ws_4/install/benim_ilk_paketim:/home/main/ros2_ws_1/install/lidar_py_pkg:/home/main/ros2_ws3/install/simple_py_pkg:/home/main/turtlesim_ws3/install/turtlesim_py_pkg:/opt/ros/humble /usr/bin/cmake --build /home/main/rokisim_ws/build/rokisim_core -- -j12 -l12
[0.695s] DEBUG:colcon.colcon_core.event_handler.log_command:Invoking command in '/home/main/rokisim_ws/build/rokisim_gazebo': CMAKE_PREFIX_PATH=${CMAKE_PREFIX_PATH}:/home/main/circ_ws/install/circ_autonomy:/home/main/ros2_sablon_ws/install/temel_paket:/home/main/real_rover_ws/install/rover_description:/home/main/real_rover_ws/install/rover_bringup:/home/main/real_rover_ws_gi/install/rover_kamera:/home/main/real_rover_ws_gi/install/gesture_control:/home/main/ros2_ws_tank/install/tank_bot_sim:/home/main/ros2_ws_5/install/vision_pkg:/home/main/ros2_ws_4/install/benim_ilk_paketim:/home/main/ros2_ws_1/install/lidar_py_pkg:/home/main/ros2_ws3/install/simple_py_pkg:/home/main/turtlesim_ws3/install/turtlesim_py_pkg:/opt/ros/humble /usr/bin/cmake --build /home/main/rokisim_ws/build/rokisim_gazebo -- -j12 -l12
[0.775s] DEBUG:colcon.colcon_core.event_handler.log_command:Invoked command in '/home/main/rokisim_ws/build/rokisim_gazebo' returned '0': CMAKE_PREFIX_PATH=${CMAKE_PREFIX_PATH}:/home/main/circ_ws/install/circ_autonomy:/home/main/ros2_sablon_ws/install/temel_paket:/home/main/real_rover_ws/install/rover_description:/home/main/real_rover_ws/install/rover_bringup:/home/main/real_rover_ws_gi/install/rover_kamera:/home/main/real_rover_ws_gi/install/gesture_control:/home/main/ros2_ws_tank/install/tank_bot_sim:/home/main/ros2_ws_5/install/vision_pkg:/home/main/ros2_ws_4/install/benim_ilk_paketim:/home/main/ros2_ws_1/install/lidar_py_pkg:/home/main/ros2_ws3/install/simple_py_pkg:/home/main/turtlesim_ws3/install/turtlesim_py_pkg:/opt/ros/humble /usr/bin/cmake --build /home/main/rokisim_ws/build/rokisim_gazebo -- -j12 -l12
[0.786s] DEBUG:colcon.colcon_core.event_handler.log_command:Invoking command in '/home/main/rokisim_ws/build/rokisim_gazebo': CMAKE_PREFIX_PATH=${CMAKE_PREFIX_PATH}:/home/main/circ_ws/install/circ_autonomy:/home/main/ros2_sablon_ws/install/temel_paket:/home/main/real_rover_ws/install/rover_description:/home/main/real_rover_ws/install/rover_bringup:/home/main/real_rover_ws_gi/install/rover_kamera:/home/main/real_rover_ws_gi/install/gesture_control:/home/main/ros2_ws_tank/install/tank_bot_sim:/home/main/ros2_ws_5/install/vision_pkg:/home/main/ros2_ws_4/install/benim_ilk_paketim:/home/main/ros2_ws_1/install/lidar_py_pkg:/home/main/ros2_ws3/install/simple_py_pkg:/home/main/turtlesim_ws3/install/turtlesim_py_pkg:/opt/ros/humble /usr/bin/cmake --install /home/main/rokisim_ws/build/rokisim_gazebo
[0.786s] DEBUG:colcon.colcon_core.event_handler.log_command:Invoked command in '/home/main/rokisim_ws/build/rokisim_core' returned '0': CMAKE_PREFIX_PATH=${CMAKE_PREFIX_PATH}:/home/main/circ_ws/install/circ_autonomy:/home/main/ros2_sablon_ws/install/temel_paket:/home/main/real_rover_ws/install/rover_description:/home/main/real_rover_ws/install/rover_bringup:/home/main/real_rover_ws_gi/install/rover_kamera:/home/main/real_rover_ws_gi/install/gesture_control:/home/main/ros2_ws_tank/install/tank_bot_sim:/home/main/ros2_ws_5/install/vision_pkg:/home/main/ros2_ws_4/install/benim_ilk_paketim:/home/main/ros2_ws_1/install/lidar_py_pkg:/home/main/ros2_ws3/install/simple_py_pkg:/home/main/turtlesim_ws3/install/turtlesim_py_pkg:/opt/ros/humble /usr/bin/cmake --build /home/main/rokisim_ws/build/rokisim_core -- -j12 -l12
[0.788s] DEBUG:colcon.colcon_core.event_handler.log_command:Invoking command in '/home/main/rokisim_ws/build/rokisim_core': CMAKE_PREFIX_PATH=${CMAKE_PREFIX_PATH}:/home/main/circ_ws/install/circ_autonomy:/home/main/ros2_sablon_ws/install/temel_paket:/home/main/real_rover_ws/install/rover_description:/home/main/real_rover_ws/install/rover_bringup:/home/main/real_rover_ws_gi/install/rover_kamera:/home/main/real_rover_ws_gi/install/gesture_control:/home/main/ros2_ws_tank/install/tank_bot_sim:/home/main/ros2_ws_5/install/vision_pkg:/home/main/ros2_ws_4/install/benim_ilk_paketim:/home/main/ros2_ws_1/install/lidar_py_pkg:/home/main/ros2_ws3/install/simple_py_pkg:/home/main/turtlesim_ws3/install/turtlesim_py_pkg:/opt/ros/humble /usr/bin/cmake --install /home/main/rokisim_ws/build/rokisim_core
[0.795s] Level 1:colcon.colcon_core.environment:create_environment_scripts_only(rokisim_gazebo)
[0.795s] DEBUG:colcon.colcon_core.event_handler.log_command:Invoked command in '/home/main/rokisim_ws/build/rokisim_gazebo' returned '0': CMAKE_PREFIX_PATH=${CMAKE_PREFIX_PATH}:/home/main/circ_ws/install/circ_autonomy:/home/main/ros2_sablon_ws/install/temel_paket:/home/main/real_rover_ws/install/rover_description:/home/main/real_rover_ws/install/rover_bringup:/home/main/real_rover_ws_gi/install/rover_kamera:/home/main/real_rover_ws_gi/install/gesture_control:/home/main/ros2_ws_tank/install/tank_bot_sim:/home/main/ros2_ws_5/install/vision_pkg:/home/main/ros2_ws_4/install/benim_ilk_paketim:/home/main/ros2_ws_1/install/lidar_py_pkg:/home/main/ros2_ws3/install/simple_py_pkg:/home/main/turtlesim_ws3/install/turtlesim_py_pkg:/opt/ros/humble /usr/bin/cmake --install /home/main/rokisim_ws/build/rokisim_gazebo
[0.801s] Level 1:colcon.colcon_core.environment:checking '/home/main/rokisim_ws/install/rokisim_gazebo' for CMake module files
[0.801s] Level 1:colcon.colcon_core.environment:checking '/home/main/rokisim_ws/install/rokisim_gazebo' for CMake config files
[0.802s] Level 1:colcon.colcon_core.shell:create_environment_hook('rokisim_gazebo', 'cmake_prefix_path')
[0.802s] INFO:colcon.colcon_core.shell:Creating environment hook '/home/main/rokisim_ws/install/rokisim_gazebo/share/rokisim_gazebo/hook/cmake_prefix_path.ps1'
[0.803s] INFO:colcon.colcon_core.shell:Creating environment descriptor '/home/main/rokisim_ws/install/rokisim_gazebo/share/rokisim_gazebo/hook/cmake_prefix_path.dsv'
[0.803s] INFO:colcon.colcon_core.shell:Creating environment hook '/home/main/rokisim_ws/install/rokisim_gazebo/share/rokisim_gazebo/hook/cmake_prefix_path.sh'
[0.804s] Level 1:colcon.colcon_core.environment:checking '/home/main/rokisim_ws/install/rokisim_gazebo/bin'
[0.804s] Level 1:colcon.colcon_core.environment:checking '/home/main/rokisim_ws/install/rokisim_gazebo/lib/pkgconfig/rokisim_gazebo.pc'
[0.804s] Level 1:colcon.colcon_core.environment:checking '/home/main/rokisim_ws/install/rokisim_gazebo/lib/python3.10/site-packages'
[0.804s] Level 1:colcon.colcon_core.environment:checking '/home/main/rokisim_ws/install/rokisim_gazebo/bin'
[0.804s] INFO:colcon.colcon_core.shell:Creating package script '/home/main/rokisim_ws/install/rokisim_gazebo/share/rokisim_gazebo/package.ps1'
[0.805s] INFO:colcon.colcon_core.shell:Creating package descriptor '/home/main/rokisim_ws/install/rokisim_gazebo/share/rokisim_gazebo/package.dsv'
[0.805s] INFO:colcon.colcon_core.shell:Creating package script '/home/main/rokisim_ws/install/rokisim_gazebo/share/rokisim_gazebo/package.sh'
[0.806s] INFO:colcon.colcon_core.shell:Creating package script '/home/main/rokisim_ws/install/rokisim_gazebo/share/rokisim_gazebo/package.bash'
[0.806s] INFO:colcon.colcon_core.shell:Creating package script '/home/main/rokisim_ws/install/rokisim_gazebo/share/rokisim_gazebo/package.zsh'
[0.807s] Level 1:colcon.colcon_core.environment:create_file_with_runtime_dependencies(/home/main/rokisim_ws/install/rokisim_gazebo/share/colcon-core/packages/rokisim_gazebo)
[0.807s] Level 1:colcon.colcon_core.environment:create_environment_scripts_only(rokisim_gazebo)
[0.808s] Level 1:colcon.colcon_core.environment:checking '/home/main/rokisim_ws/install/rokisim_gazebo' for CMake module files
[0.808s] Level 1:colcon.colcon_core.environment:checking '/home/main/rokisim_ws/install/rokisim_gazebo' for CMake config files
[0.808s] Level 1:colcon.colcon_core.shell:create_environment_hook('rokisim_gazebo', 'cmake_prefix_path')
[0.808s] INFO:colcon.colcon_core.shell:Creating environment hook '/home/main/rokisim_ws/install/rokisim_gazebo/share/rokisim_gazebo/hook/cmake_prefix_path.ps1'
[0.808s] INFO:colcon.colcon_core.shell:Creating environment descriptor '/home/main/rokisim_ws/install/rokisim_gazebo/share/rokisim_gazebo/hook/cmake_prefix_path.dsv'
[0.808s] INFO:colcon.colcon_core.shell:Creating environment hook '/home/main/rokisim_ws/install/rokisim_gazebo/share/rokisim_gazebo/hook/cmake_prefix_path.sh'
[0.809s] Level 1:colcon.colcon_core.environment:checking '/home/main/rokisim_ws/install/rokisim_gazebo/bin'
[0.809s] Level 1:colcon.colcon_core.environment:checking '/home/main/rokisim_ws/install/rokisim_gazebo/lib/pkgconfig/rokisim_gazebo.pc'
[0.809s] Level 1:colcon.colcon_core.environment:checking '/home/main/rokisim_ws/install/rokisim_gazebo/lib/python3.10/site-packages'
[0.809s] Level 1:colcon.colcon_core.environment:checking '/home/main/rokisim_ws/install/rokisim_gazebo/bin'
[0.809s] INFO:colcon.colcon_core.shell:Creating package script '/home/main/rokisim_ws/install/rokisim_gazebo/share/rokisim_gazebo/package.ps1'
[0.809s] INFO:colcon.colcon_core.shell:Creating package descriptor '/home/main/rokisim_ws/install/rokisim_gazebo/share/rokisim_gazebo/package.dsv'
[0.810s] INFO:colcon.colcon_core.shell:Creating package script '/home/main/rokisim_ws/install/rokisim_gazebo/share/rokisim_gazebo/package.sh'
[0.810s] INFO:colcon.colcon_core.shell:Creating package script '/home/main/rokisim_ws/install/rokisim_gazebo/share/rokisim_gazebo/package.bash'
[0.810s] INFO:colcon.colcon_core.shell:Creating package script '/home/main/rokisim_ws/install/rokisim_gazebo/share/rokisim_gazebo/package.zsh'
[0.810s] Level 1:colcon.colcon_core.environment:create_file_with_runtime_dependencies(/home/main/rokisim_ws/install/rokisim_gazebo/share/colcon-core/packages/rokisim_gazebo)
[0.811s] Level 1:colcon.colcon_core.environment:create_environment_scripts_only(rokisim_core)
[0.811s] Level 1:colcon.colcon_core.environment:checking '/home/main/rokisim_ws/install/rokisim_core' for CMake module files
[0.812s] DEBUG:colcon.colcon_core.event_handler.log_command:Invoked command in '/home/main/rokisim_ws/build/rokisim_core' returned '0': CMAKE_PREFIX_PATH=${CMAKE_PREFIX_PATH}:/home/main/circ_ws/install/circ_autonomy:/home/main/ros2_sablon_ws/install/temel_paket:/home/main/real_rover_ws/install/rover_description:/home/main/real_rover_ws/install/rover_bringup:/home/main/real_rover_ws_gi/install/rover_kamera:/home/main/real_rover_ws_gi/install/gesture_control:/home/main/ros2_ws_tank/install/tank_bot_sim:/home/main/ros2_ws_5/install/vision_pkg:/home/main/ros2_ws_4/install/benim_ilk_paketim:/home/main/ros2_ws_1/install/lidar_py_pkg:/home/main/ros2_ws3/install/simple_py_pkg:/home/main/turtlesim_ws3/install/turtlesim_py_pkg:/opt/ros/humble /usr/bin/cmake --install /home/main/rokisim_ws/build/rokisim_core
[0.812s] Level 1:colcon.colcon_core.environment:checking '/home/main/rokisim_ws/install/rokisim_core' for CMake config files
[0.812s] Level 1:colcon.colcon_core.shell:create_environment_hook('rokisim_core', 'cmake_prefix_path')
[0.812s] INFO:colcon.colcon_core.shell:Creating environment hook '/home/main/rokisim_ws/install/rokisim_core/share/rokisim_core/hook/cmake_prefix_path.ps1'
[0.812s] INFO:colcon.colcon_core.shell:Creating environment descriptor '/home/main/rokisim_ws/install/rokisim_core/share/rokisim_core/hook/cmake_prefix_path.dsv'
[0.812s] INFO:colcon.colcon_core.shell:Creating environment hook '/home/main/rokisim_ws/install/rokisim_core/share/rokisim_core/hook/cmake_prefix_path.sh'
[0.813s] Level 1:colcon.colcon_core.environment:checking '/home/main/rokisim_ws/install/rokisim_core/bin'
[0.813s] Level 1:colcon.colcon_core.environment:checking '/home/main/rokisim_ws/install/rokisim_core/lib/pkgconfig/rokisim_core.pc'
[0.813s] Level 1:colcon.colcon_core.environment:checking '/home/main/rokisim_ws/install/rokisim_core/lib/python3.10/site-packages'
[0.813s] Level 1:colcon.colcon_core.environment:checking '/home/main/rokisim_ws/install/rokisim_core/bin'
[0.813s] INFO:colcon.colcon_core.shell:Creating package script '/home/main/rokisim_ws/install/rokisim_core/share/rokisim_core/package.ps1'
[0.814s] INFO:colcon.colcon_core.shell:Creating package descriptor '/home/main/rokisim_ws/install/rokisim_core/share/rokisim_core/package.dsv'
[0.814s] INFO:colcon.colcon_core.shell:Creating package script '/home/main/rokisim_ws/install/rokisim_core/share/rokisim_core/package.sh'
[0.814s] INFO:colcon.colcon_core.shell:Creating package script '/home/main/rokisim_ws/install/rokisim_core/share/rokisim_core/package.bash'
[0.814s] INFO:colcon.colcon_core.shell:Creating package script '/home/main/rokisim_ws/install/rokisim_core/share/rokisim_core/package.zsh'
[0.814s] Level 1:colcon.colcon_core.environment:create_file_with_runtime_dependencies(/home/main/rokisim_ws/install/rokisim_core/share/colcon-core/packages/rokisim_core)
[0.814s] Level 1:colcon.colcon_core.environment:create_environment_scripts_only(rokisim_core)
[0.815s] Level 1:colcon.colcon_core.environment:checking '/home/main/rokisim_ws/install/rokisim_core' for CMake module files
[0.815s] Level 1:colcon.colcon_core.environment:checking '/home/main/rokisim_ws/install/rokisim_core' for CMake config files
[0.815s] Level 1:colcon.colcon_core.shell:create_environment_hook('rokisim_core', 'cmake_prefix_path')
[0.815s] INFO:colcon.colcon_core.shell:Creating environment hook '/home/main/rokisim_ws/install/rokisim_core/share/rokisim_core/hook/cmake_prefix_path.ps1'
[0.815s] INFO:colcon.colcon_core.shell:Creating environment descriptor '/home/main/rokisim_ws/install/rokisim_core/share/rokisim_core/hook/cmake_prefix_path.dsv'
[0.815s] INFO:colcon.colcon_core.shell:Creating environment hook '/home/main/rokisim_ws/install/rokisim_core/share/rokisim_core/hook/cmake_prefix_path.sh'
[0.816s] Level 1:colcon.colcon_core.environment:checking '/home/main/rokisim_ws/install/rokisim_core/bin'
[0.816s] Level 1:colcon.colcon_core.environment:checking '/home/main/rokisim_ws/install/rokisim_core/lib/pkgconfig/rokisim_core.pc'
[0.816s] Level 1:colcon.colcon_core.environment:checking '/home/main/rokisim_ws/install/rokisim_core/lib/python3.10/site-packages'
[0.816s] Level 1:colcon.colcon_core.environment:checking '/home/main/rokisim_ws/install/rokisim_core/bin'
[0.816s] INFO:colcon.colcon_core.shell:Creating package script '/home/main/rokisim_ws/install/rokisim_core/share/rokisim_core/package.ps1'
[0.816s] INFO:colcon.colcon_core.shell:Creating package descriptor '/home/main/rokisim_ws/install/rokisim_core/share/rokisim_core/package.dsv'
[0.817s] INFO:colcon.colcon_core.shell:Creating package script '/home/main/rokisim_ws/install/rokisim_core/share/rokisim_core/package.sh'
[0.817s] INFO:colcon.colcon_core.shell:Creating package script '/home/main/rokisim_ws/install/rokisim_core/share/rokisim_core/package.bash'
[0.817s] INFO:colcon.colcon_core.shell:Creating package script '/home/main/rokisim_ws/install/rokisim_core/share/rokisim_core/package.zsh'
[0.817s] Level 1:colcon.colcon_core.environment:create_file_with_runtime_dependencies(/home/main/rokisim_ws/install/rokisim_core/share/colcon-core/packages/rokisim_core)
[0.817s] DEBUG:colcon.colcon_parallel_executor.executor.parallel:closing loop
[0.817s] DEBUG:colcon.colcon_parallel_executor.executor.parallel:loop closed
[0.818s] DEBUG:colcon.colcon_parallel_executor.executor.parallel:run_until_complete finished with '0'
[0.818s] DEBUG:colcon.colcon_core.event_reactor:joining thread
[0.826s] INFO:colcon.colcon_core.plugin_system:Skipping extension 'colcon_notification.desktop_notification.terminal_notifier': Not used on non-Darwin systems
[0.826s] INFO:colcon.colcon_core.plugin_system:Skipping extension 'colcon_notification.desktop_notification.win32': Not used on non-Windows systems
[0.826s] INFO:colcon.colcon_notification.desktop_notification:Sending desktop notification using 'notify2'
[0.838s] DEBUG:colcon.colcon_core.event_reactor:joined thread
[0.838s] INFO:colcon.colcon_core.shell:Creating prefix script '/home/main/rokisim_ws/install/local_setup.ps1'
[0.839s] INFO:colcon.colcon_core.shell:Creating prefix util module '/home/main/rokisim_ws/install/_local_setup_util_ps1.py'
[0.841s] INFO:colcon.colcon_core.shell:Creating prefix chain script '/home/main/rokisim_ws/install/setup.ps1'
[0.843s] INFO:colcon.colcon_core.shell:Creating prefix script '/home/main/rokisim_ws/install/local_setup.sh'
[0.843s] INFO:colcon.colcon_core.shell:Creating prefix util module '/home/main/rokisim_ws/install/_local_setup_util_sh.py'
[0.844s] INFO:colcon.colcon_core.shell:Creating prefix chain script '/home/main/rokisim_ws/install/setup.sh'
[0.846s] INFO:colcon.colcon_core.shell:Creating prefix script '/home/main/rokisim_ws/install/local_setup.bash'
[0.846s] INFO:colcon.colcon_core.shell:Creating prefix chain script '/home/main/rokisim_ws/install/setup.bash'
[0.848s] INFO:colcon.colcon_core.shell:Creating prefix script '/home/main/rokisim_ws/install/local_setup.zsh'
[0.848s] INFO:colcon.colcon_core.shell:Creating prefix chain script '/home/main/rokisim_ws/install/setup.zsh'
